-------------------------------------------------------------------------------
Test set: CourierLoginTest
-------------------------------------------------------------------------------
Tests run: 4, Failures: 1, Errors: 0, Skipped: 0, Time elapsed: 68.751 s <<< FAILURE! - in CourierLoginTest
loginCourierNotWithAllRequiredFieldsTest(CourierLoginTest)  Time elapsed: 61.222 s  <<< FAILURE!
java.lang.AssertionError: Incorrect code when registering a user without required fields expected:<400> but was:<504>
	at CourierLoginTest.loginCourierNotWithAllRequiredFieldsTest(CourierLoginTest.java:59)

